<?xml version="1.0" encoding="UTF-8"?>
<testsuite name="runners.RunnerUsers" tests="0" skipped="0" failures="0" errors="0" timestamp="1970-01-01T00:00:00" hostname="MacBook-Pro-de-Yuberth.local" time="0.0">
  <properties/>
  <system-out><![CDATA[]]></system-out>
  <system-err><![CDATA[[Test worker] INFO  - Test Suite Started: Users functionalities
[Test worker] INFO  - Test Suite Started: Users functionalities
]]></system-err>
</testsuite>
