<?xml version="1.0" encoding="UTF-8"?>
<testsuite name="Users functionalities" tests="5" skipped="0" failures="0" errors="0" timestamp="2024-08-21T17:03:10" hostname="MacBook-Pro-de-Yuberth.local" time="8.656">
  <properties/>
  <testcase name="Should be able to create new users when the user logs in" classname="Users functionalities" time="2.323"/>
  <testcase name="Should be able to delete a user" classname="Users functionalities" time="2.278"/>
  <testcase name="Should be able to get the profile information" classname="Users functionalities" time="1.157"/>
  <testcase name="Should be able to logout from the application" classname="Users functionalities" time="1.114"/>
  <testcase name="Should be able to update a user" classname="Users functionalities" time="1.784"/>
  <system-out><![CDATA[
@users @smoke @newuser
Scenario: Should be able to create new users when the user logs in ?[90m# src/test/resources/features/users.feature:7?[0m
  ?[32mGiven ?[0m?[32m?[0m?[32m?[1mSam?[0m?[32m is logged into the application?[0m                         ?[90m# stepdefinitions.CreateContactStepDefinitions.user_is_logged_in_the_application(java.lang.String)?[0m
  ?[32mWhen ?[0m?[32mhe requested the add user service?[0m                           ?[90m# stepdefinitions.CreateUserStepDefinitions.user_requested_the_add_user_service()?[0m
  ?[32mThen ?[0m?[32mhe should see user created successfully?[0m                     ?[90m# stepdefinitions.CreateUserStepDefinitions.user_should_see_the_newly_created_user()?[0m

@users @smoke @newuser
Scenario: Should be able to delete a user              ?[90m# src/test/resources/features/users.feature:12?[0m
  ?[32mGiven ?[0m?[32m?[0m?[32m?[1mSam?[0m?[32m is logged into the application?[0m             ?[90m# stepdefinitions.CreateContactStepDefinitions.user_is_logged_in_the_application(java.lang.String)?[0m
  ?[32mWhen ?[0m?[32m?[0m?[32m?[1mSam?[0m?[32m requested the delete user service?[0m           ?[90m# stepdefinitions.DeleteUserStepDefinitions.user_requested_the_delete_user_service(java.lang.String)?[0m
  ?[32mThen ?[0m?[32mhe should see the user was deleted successfully?[0m ?[90m# stepdefinitions.DeleteUserStepDefinitions.user_should_see_the_user_was_deleted_successfully()?[0m

@users @smoke @newuser
Scenario: Should be able to get the profile information ?[90m# src/test/resources/features/users.feature:17?[0m
  ?[32mGiven ?[0m?[32m?[0m?[32m?[1mSam?[0m?[32m is logged into the application?[0m              ?[90m# stepdefinitions.CreateContactStepDefinitions.user_is_logged_in_the_application(java.lang.String)?[0m
  ?[32mAnd ?[0m?[32m?[0m?[32m?[1mSam?[0m?[32m requested the profile service?[0m                 ?[90m# stepdefinitions.GetProfileStepDefinitions.sam_requested_the_profile_service(java.lang.String)?[0m
  ?[32mThen ?[0m?[32mhe should see the profile response successfully?[0m  ?[90m# stepdefinitions.GetProfileStepDefinitions.user_should_see_the_profile_response()?[0m

@users @smoke @newuser
Scenario: Should be able to logout from the application ?[90m# src/test/resources/features/users.feature:22?[0m
  ?[32mGiven ?[0m?[32m?[0m?[32m?[1mSam?[0m?[32m is logged into the application?[0m              ?[90m# stepdefinitions.CreateContactStepDefinitions.user_is_logged_in_the_application(java.lang.String)?[0m
  ?[32mWhen ?[0m?[32mSam requested the logout service?[0m                 ?[90m# stepdefinitions.LogOutStepDefinitions.user_requested_the_logout_service()?[0m
  ?[32mThen ?[0m?[32mhe should exit the app?[0m                           ?[90m# stepdefinitions.LogOutStepDefinitions.user_should_exit_the_app()?[0m

@users @smoke @newuser
Scenario: Should be able to update a user                   ?[90m# src/test/resources/features/users.feature:27?[0m
  ?[32mGiven ?[0m?[32m?[0m?[32m?[1mSam?[0m?[32m is logged into the application?[0m                  ?[90m# stepdefinitions.CreateContactStepDefinitions.user_is_logged_in_the_application(java.lang.String)?[0m
  ?[32mWhen ?[0m?[32m?[0m?[32m?[1mSam?[0m?[32m requested the update user service?[0m                ?[90m# stepdefinitions.UpdateUserStepDefinitions.user_requested_the_update_user_service(java.lang.String)?[0m
samtest@fake.com
  ?[32mThen ?[0m?[32mhe should see the updated user successfully response?[0m ?[90m# stepdefinitions.UpdateUserStepDefinitions.user_should_see_the_updated_user()?[0m
]]></system-out>
  <system-err><![CDATA[[Test worker] INFO  - 
  _____   ___   ___   _____     ___   _____     _     ___   _____   ___   ___  
 |_   _| | __| / __| |_   _|   / __| |_   _|   /_\   | _ \ |_   _| | __| |   \ 
   | |   | _|  \__ \   | |     \__ \   | |    / _ \  |   /   | |   | _|  | |) |
   |_|   |___| |___/   |_|     |___/   |_|   /_/ \_\ |_|_\   |_|   |___| |___/ 

Should be able to create new users when the user logs in(users-functionalities;should-be-able-to-create-new-users-when-the-user-logs-in)
--------------------------------------------------------------------------------
[Test worker] INFO  - 
  _____   ___   ___   _____     ___     _     ___   ___   ___   ___  
 |_   _| | __| / __| |_   _|   | _ \   /_\   / __| / __| | __| |   \ 
   | |   | _|  \__ \   | |     |  _/  / _ \  \__ \ \__ \ | _|  | |) |
   |_|   |___| |___/   |_|     |_|   /_/ \_\ |___/ |___/ |___| |___/ 

Should be able to create new users when the user logs in
----------------------------------------------------------------------
[Test worker] INFO  - 
  _____   ___   ___   _____     ___   _____     _     ___   _____   ___   ___  
 |_   _| | __| / __| |_   _|   / __| |_   _|   /_\   | _ \ |_   _| | __| |   \ 
   | |   | _|  \__ \   | |     \__ \   | |    / _ \  |   /   | |   | _|  | |) |
   |_|   |___| |___/   |_|     |___/   |_|   /_/ \_\ |_|_\   |_|   |___| |___/ 

Should be able to delete a user(users-functionalities;should-be-able-to-delete-a-user)
--------------------------------------------------------------------------------
[Test worker] INFO  - 
  _____   ___   ___   _____     ___     _     ___   ___   ___   ___  
 |_   _| | __| / __| |_   _|   | _ \   /_\   / __| / __| | __| |   \ 
   | |   | _|  \__ \   | |     |  _/  / _ \  \__ \ \__ \ | _|  | |) |
   |_|   |___| |___/   |_|     |_|   /_/ \_\ |___/ |___/ |___| |___/ 

Should be able to delete a user
----------------------------------------------------------------------
[Test worker] INFO  - 
  _____   ___   ___   _____     ___   _____     _     ___   _____   ___   ___  
 |_   _| | __| / __| |_   _|   / __| |_   _|   /_\   | _ \ |_   _| | __| |   \ 
   | |   | _|  \__ \   | |     \__ \   | |    / _ \  |   /   | |   | _|  | |) |
   |_|   |___| |___/   |_|     |___/   |_|   /_/ \_\ |_|_\   |_|   |___| |___/ 

Should be able to get the profile information(users-functionalities;should-be-able-to-get-the-profile-information)
--------------------------------------------------------------------------------
[Test worker] INFO  - 
  _____   ___   ___   _____     ___     _     ___   ___   ___   ___  
 |_   _| | __| / __| |_   _|   | _ \   /_\   / __| / __| | __| |   \ 
   | |   | _|  \__ \   | |     |  _/  / _ \  \__ \ \__ \ | _|  | |) |
   |_|   |___| |___/   |_|     |_|   /_/ \_\ |___/ |___/ |___| |___/ 

Should be able to get the profile information
----------------------------------------------------------------------
[Test worker] INFO  - 
  _____   ___   ___   _____     ___   _____     _     ___   _____   ___   ___  
 |_   _| | __| / __| |_   _|   / __| |_   _|   /_\   | _ \ |_   _| | __| |   \ 
   | |   | _|  \__ \   | |     \__ \   | |    / _ \  |   /   | |   | _|  | |) |
   |_|   |___| |___/   |_|     |___/   |_|   /_/ \_\ |_|_\   |_|   |___| |___/ 

Should be able to logout from the application(users-functionalities;should-be-able-to-logout-from-the-application)
--------------------------------------------------------------------------------
[Test worker] INFO  - 
  _____   ___   ___   _____     ___     _     ___   ___   ___   ___  
 |_   _| | __| / __| |_   _|   | _ \   /_\   / __| / __| | __| |   \ 
   | |   | _|  \__ \   | |     |  _/  / _ \  \__ \ \__ \ | _|  | |) |
   |_|   |___| |___/   |_|     |_|   /_/ \_\ |___/ |___/ |___| |___/ 

Should be able to logout from the application
----------------------------------------------------------------------
[Test worker] INFO  - 
  _____   ___   ___   _____     ___   _____     _     ___   _____   ___   ___  
 |_   _| | __| / __| |_   _|   / __| |_   _|   /_\   | _ \ |_   _| | __| |   \ 
   | |   | _|  \__ \   | |     \__ \   | |    / _ \  |   /   | |   | _|  | |) |
   |_|   |___| |___/   |_|     |___/   |_|   /_/ \_\ |_|_\   |_|   |___| |___/ 

Should be able to update a user(users-functionalities;should-be-able-to-update-a-user)
--------------------------------------------------------------------------------
[Test worker] INFO  - 
  _____   ___   ___   _____     ___     _     ___   ___   ___   ___  
 |_   _| | __| / __| |_   _|   | _ \   /_\   / __| / __| | __| |   \ 
   | |   | _|  \__ \   | |     |  _/  / _ \  \__ \ \__ \ | _|  | |) |
   |_|   |___| |___/   |_|     |_|   /_/ \_\ |___/ |___/ |___| |___/ 

Should be able to update a user
----------------------------------------------------------------------
]]></system-err>
</testsuite>
